<?xml version="1.0" encoding="UTF-8"?>
<!-- Generated by org.testng.reporters.JUnitReportReporter -->
<testsuite hostname="master" name="org.apache.storm.starter.tools.RankableObjectWithFieldsTest" tests="48" failures="0" timestamp="25 Jan 2018 09:26:14 GMT" time="0.099" errors="0">
  <testcase name="verifyCompareTo" time="0.000" classname="org.apache.storm.starter.tools.RankableObjectWithFieldsTest"/>
  <testcase name="constructorWithNegativeCountAndNoFieldsShouldThrowIAE" time="0.000" classname="org.apache.storm.starter.tools.RankableObjectWithFieldsTest"/>
  <testcase name="copyShouldReturnCopy" time="0.000" classname="org.apache.storm.starter.tools.RankableObjectWithFieldsTest"/>
  <testcase name="verifyCompareTo" time="0.000" classname="org.apache.storm.starter.tools.RankableObjectWithFieldsTest"/>
  <testcase name="shouldNotBeEqualToFalseDuplicates" time="0.000" classname="org.apache.storm.starter.tools.RankableObjectWithFieldsTest"/>
  <testcase name="shouldReturnTheCount" time="0.000" classname="org.apache.storm.starter.tools.RankableObjectWithFieldsTest"/>
  <testcase name="shouldReturnTheFields" time="0.001" classname="org.apache.storm.starter.tools.RankableObjectWithFieldsTest"/>
  <testcase name="shouldHaveSameHashCodeAsTrueDuplicates" time="0.000" classname="org.apache.storm.starter.tools.RankableObjectWithFieldsTest"/>
  <testcase name="copyShouldReturnCopy" time="0.000" classname="org.apache.storm.starter.tools.RankableObjectWithFieldsTest"/>
  <testcase name="copyShouldReturnCopy" time="0.002" classname="org.apache.storm.starter.tools.RankableObjectWithFieldsTest"/>
  <testcase name="fieldsShouldBeImmutable" time="0.020" classname="org.apache.storm.starter.tools.RankableObjectWithFieldsTest"/>
  <testcase name="shouldHaveDifferentHashCodeThanFalseDuplicates" time="0.000" classname="org.apache.storm.starter.tools.RankableObjectWithFieldsTest"/>
  <testcase name="toStringShouldContainStringRepresentationsOfObjectAndCount" time="0.000" classname="org.apache.storm.starter.tools.RankableObjectWithFieldsTest"/>
  <testcase name="toStringShouldContainStringRepresentationsOfObjectAndCount" time="0.014" classname="org.apache.storm.starter.tools.RankableObjectWithFieldsTest"/>
  <testcase name="verifyCompareTo" time="0.000" classname="org.apache.storm.starter.tools.RankableObjectWithFieldsTest"/>
  <testcase name="shouldReturnTheObject" time="0.000" classname="org.apache.storm.starter.tools.RankableObjectWithFieldsTest"/>
  <testcase name="shouldHaveDifferentHashCodeThanFalseDuplicates" time="0.000" classname="org.apache.storm.starter.tools.RankableObjectWithFieldsTest"/>
  <testcase name="verifyCompareTo" time="0.000" classname="org.apache.storm.starter.tools.RankableObjectWithFieldsTest"/>
  <testcase name="shouldHaveDifferentHashCodeThanFalseDuplicates" time="0.000" classname="org.apache.storm.starter.tools.RankableObjectWithFieldsTest"/>
  <testcase name="shouldNotBeEqualToFalseDuplicates" time="0.002" classname="org.apache.storm.starter.tools.RankableObjectWithFieldsTest"/>
  <testcase name="verifyCompareTo" time="0.001" classname="org.apache.storm.starter.tools.RankableObjectWithFieldsTest"/>
  <testcase name="verifyCompareTo" time="0.000" classname="org.apache.storm.starter.tools.RankableObjectWithFieldsTest"/>
  <testcase name="shouldHaveDifferentHashCodeThanFalseDuplicates" time="0.008" classname="org.apache.storm.starter.tools.RankableObjectWithFieldsTest"/>
  <testcase name="constructorWithNullObjectAndFieldsShouldThrowIAE" time="0.000" classname="org.apache.storm.starter.tools.RankableObjectWithFieldsTest"/>
  <testcase name="shouldHaveSameHashCodeAsTrueDuplicates" time="0.001" classname="org.apache.storm.starter.tools.RankableObjectWithFieldsTest"/>
  <testcase name="shouldBeEqualToTrueDuplicates" time="0.001" classname="org.apache.storm.starter.tools.RankableObjectWithFieldsTest"/>
  <testcase name="shouldHaveDifferentHashCodeThanFalseDuplicates" time="0.005" classname="org.apache.storm.starter.tools.RankableObjectWithFieldsTest"/>
  <testcase name="constructorWithNegativeCountAndFieldsShouldThrowIAE" time="0.000" classname="org.apache.storm.starter.tools.RankableObjectWithFieldsTest"/>
  <testcase name="shouldCreateRankableObjectFromTuple" time="0.025" classname="org.apache.storm.starter.tools.RankableObjectWithFieldsTest"/>
  <testcase name="shouldNotBeEqualToFalseDuplicates" time="0.000" classname="org.apache.storm.starter.tools.RankableObjectWithFieldsTest"/>
  <testcase name="shouldNotBeEqualToInstancesOfOtherClasses" time="0.000" classname="org.apache.storm.starter.tools.RankableObjectWithFieldsTest"/>
  <testcase name="shouldNotBeEqualToInstancesOfOtherClasses" time="0.000" classname="org.apache.storm.starter.tools.RankableObjectWithFieldsTest"/>
  <testcase name="shouldNotBeEqualToFalseDuplicates" time="0.000" classname="org.apache.storm.starter.tools.RankableObjectWithFieldsTest"/>
  <testcase name="shouldReturnTheFields" time="0.001" classname="org.apache.storm.starter.tools.RankableObjectWithFieldsTest"/>
  <testcase name="shouldBeEqualToTrueDuplicates" time="0.003" classname="org.apache.storm.starter.tools.RankableObjectWithFieldsTest"/>
  <testcase name="shouldBeEqualToTrueDuplicates" time="0.002" classname="org.apache.storm.starter.tools.RankableObjectWithFieldsTest"/>
  <testcase name="shouldNotBeEqualToInstancesOfOtherClasses" time="0.000" classname="org.apache.storm.starter.tools.RankableObjectWithFieldsTest"/>
  <testcase name="verifyCompareTo" time="0.000" classname="org.apache.storm.starter.tools.RankableObjectWithFieldsTest"/>
  <testcase name="shouldNotBeEqualToFalseDuplicates" time="0.001" classname="org.apache.storm.starter.tools.RankableObjectWithFieldsTest"/>
  <testcase name="verifyCompareTo" time="0.000" classname="org.apache.storm.starter.tools.RankableObjectWithFieldsTest"/>
  <testcase name="shouldBeEqualToItself" time="0.000" classname="org.apache.storm.starter.tools.RankableObjectWithFieldsTest"/>
  <testcase name="shouldHaveSameHashCodeAsTrueDuplicates" time="0.000" classname="org.apache.storm.starter.tools.RankableObjectWithFieldsTest"/>
  <testcase name="shouldHaveDifferentHashCodeThanFalseDuplicates" time="0.000" classname="org.apache.storm.starter.tools.RankableObjectWithFieldsTest"/>
  <testcase name="verifyCompareTo" time="0.000" classname="org.apache.storm.starter.tools.RankableObjectWithFieldsTest"/>
  <testcase name="constructorWithNullObjectAndNoFieldsShouldThrowIAE" time="0.000" classname="org.apache.storm.starter.tools.RankableObjectWithFieldsTest"/>
  <testcase name="shouldNotBeEqualToInstancesOfOtherClasses" time="0.000" classname="org.apache.storm.starter.tools.RankableObjectWithFieldsTest"/>
  <testcase name="shouldNotBeEqualToFalseDuplicates" time="0.012" classname="org.apache.storm.starter.tools.RankableObjectWithFieldsTest"/>
  <testcase name="verifyCompareTo" time="0.000" classname="org.apache.storm.starter.tools.RankableObjectWithFieldsTest"/>
</testsuite> <!-- org.apache.storm.starter.tools.RankableObjectWithFieldsTest -->
