<?xml version="1.0" encoding="UTF-8"?>
<!-- Generated by org.testng.reporters.JUnitReportReporter -->
<testsuite hostname="master" name="org.apache.storm.starter.tools.SlotBasedCounterTest" tests="16" failures="0" timestamp="25 Jan 2018 09:26:14 GMT" time="0.005" errors="0">
  <testcase name="negativeOrZeroNumSlotsShouldThrowIAE" time="0.000" classname="org.apache.storm.starter.tools.SlotBasedCounterTest"/>
  <testcase name="positiveNumSlotsShouldBeOk" time="0.000" classname="org.apache.storm.starter.tools.SlotBasedCounterTest"/>
  <testcase name="wipeZerosShouldRemoveAnyObjectsWithZeroTotalCount" time="0.000" classname="org.apache.storm.starter.tools.SlotBasedCounterTest"/>
  <testcase name="shouldIncrementCountOnlyOneSlotAtATime" time="0.000" classname="org.apache.storm.starter.tools.SlotBasedCounterTest"/>
  <testcase name="wipeSlotShouldSetAllCountsInSlotToZero" time="0.000" classname="org.apache.storm.starter.tools.SlotBasedCounterTest"/>
  <testcase name="negativeOrZeroNumSlotsShouldThrowIAE" time="0.001" classname="org.apache.storm.starter.tools.SlotBasedCounterTest"/>
  <testcase name="positiveNumSlotsShouldBeOk" time="0.000" classname="org.apache.storm.starter.tools.SlotBasedCounterTest"/>
  <testcase name="negativeOrZeroNumSlotsShouldThrowIAE" time="0.000" classname="org.apache.storm.starter.tools.SlotBasedCounterTest"/>
  <testcase name="shouldIncrementCount" time="0.002" classname="org.apache.storm.starter.tools.SlotBasedCounterTest"/>
  <testcase name="negativeOrZeroNumSlotsShouldThrowIAE" time="0.001" classname="org.apache.storm.starter.tools.SlotBasedCounterTest"/>
  <testcase name="positiveNumSlotsShouldBeOk" time="0.000" classname="org.apache.storm.starter.tools.SlotBasedCounterTest"/>
  <testcase name="shouldReturnZeroForNonexistentObject" time="0.000" classname="org.apache.storm.starter.tools.SlotBasedCounterTest"/>
  <testcase name="positiveNumSlotsShouldBeOk" time="0.000" classname="org.apache.storm.starter.tools.SlotBasedCounterTest"/>
  <testcase name="shouldReturnNonEmptyCountsWhenAtLeastOneObjectWasCounted" time="0.001" classname="org.apache.storm.starter.tools.SlotBasedCounterTest"/>
  <testcase name="negativeOrZeroNumSlotsShouldThrowIAE" time="0.000" classname="org.apache.storm.starter.tools.SlotBasedCounterTest"/>
  <testcase name="newInstanceShouldHaveEmptyCounts" time="0.000" classname="org.apache.storm.starter.tools.SlotBasedCounterTest"/>
</testsuite> <!-- org.apache.storm.starter.tools.SlotBasedCounterTest -->
